maxim-shirokov@maximshirokov-MS-7C56:~/Documents/yandex-praktikum/architecture-sprint-6$ kubectl describe deployment scaletestapp
Name:                   scaletestapp
Namespace:              default
CreationTimestamp:      Sun, 01 Dec 2024 19:01:04 +0500
Labels:                 app=scaletestapp
Annotations:            deployment.kubernetes.io/revision: 1
Selector:               app=scaletestapp
Replicas:               2 desired | 2 updated | 2 total | 1 available | 1 unavailable
StrategyType:           RollingUpdate
MinReadySeconds:        0
RollingUpdateStrategy:  25% max unavailable, 25% max surge
Pod Template:
  Labels:  app=scaletestapp
  Containers:
   scaletestapp:
    Image:      shestera/scaletestapp
    Port:       8080/TCP
    Host Port:  0/TCP
    Limits:
      memory:      30Mi
    Environment:   <none>
    Mounts:        <none>
  Volumes:         <none>
  Node-Selectors:  <none>
  Tolerations:     <none>
Conditions:
  Type           Status  Reason
  ----           ------  ------
  Progressing    True    NewReplicaSetAvailable
  Available      False   MinimumReplicasUnavailable
OldReplicaSets:  <none>
NewReplicaSet:   scaletestapp-c7c449449 (2/2 replicas created)
Events:
  Type    Reason             Age   From                   Message
  ----    ------             ----  ----                   -------
  Normal  ScalingReplicaSet  14m   deployment-controller  Scaled up replica set scaletestapp-c7c449449 to 1
  Normal  ScalingReplicaSet  108s  deployment-controller  Scaled up replica set scaletestapp-c7c449449 to 2 from 1
